2024-06-19 13:46:37 [background-preinit] DEBUG org.jboss.logging - Logging Provider: org.jboss.logging.Slf4jLoggerProvider found via system property
2024-06-19 13:46:37 [restartedMain] INFO  c.j.g.GruppuppgiftItsakerhetApplication - Starting GruppuppgiftItsakerhetApplication using Java 20 with PID 27692 (C:\Users\willi\IdeaProjects\Gruppuppgift-itsakerhet\target\classes started by willi in C:\Users\willi\IdeaProjects\Gruppuppgift-itsakerhet)
2024-06-19 13:46:37 [restartedMain] DEBUG c.j.g.GruppuppgiftItsakerhetApplication - Running with Spring Boot v3.3.0, Spring v6.1.8
2024-06-19 13:46:37 [restartedMain] INFO  c.j.g.GruppuppgiftItsakerhetApplication - No active profile set, falling back to 1 default profile: "default"
2024-06-19 13:46:37 [restartedMain] INFO  o.s.b.d.e.DevToolsPropertyDefaultsPostProcessor - Devtools property defaults active! Set 'spring.devtools.add-properties' to 'false' to disable
2024-06-19 13:46:37 [restartedMain] INFO  o.s.b.d.e.DevToolsPropertyDefaultsPostProcessor - For additional web related logging consider setting the 'logging.level.web' property to 'DEBUG'
2024-06-19 13:46:38 [restartedMain] INFO  o.s.d.r.c.RepositoryConfigurationDelegate - Bootstrapping Spring Data JPA repositories in DEFAULT mode.
2024-06-19 13:46:38 [restartedMain] INFO  o.s.d.r.c.RepositoryConfigurationDelegate - Finished Spring Data repository scanning in 65 ms. Found 1 JPA repository interface.
2024-06-19 13:46:39 [restartedMain] INFO  o.s.b.w.e.tomcat.TomcatWebServer - Tomcat initialized with port 8080 (http)
2024-06-19 13:46:39 [restartedMain] INFO  o.a.coyote.http11.Http11NioProtocol - Initializing ProtocolHandler ["http-nio-8080"]
2024-06-19 13:46:39 [restartedMain] INFO  o.a.catalina.core.StandardService - Starting service [Tomcat]
2024-06-19 13:46:39 [restartedMain] INFO  o.a.catalina.core.StandardEngine - Starting Servlet engine: [Apache Tomcat/10.1.24]
2024-06-19 13:46:39 [restartedMain] INFO  o.a.c.c.C.[Tomcat].[localhost].[/] - Initializing Spring embedded WebApplicationContext
2024-06-19 13:46:39 [restartedMain] INFO  o.s.b.w.s.c.ServletWebServerApplicationContext - Root WebApplicationContext: initialization completed in 2329 ms
2024-06-19 13:46:40 [restartedMain] INFO  o.s.b.a.h.H2ConsoleAutoConfiguration - H2 console available at '/h2-console'. Database available at 'jdbc:h2:mem:testdb'
2024-06-19 13:46:41 [restartedMain] INFO  o.s.o.j.p.SpringPersistenceUnitInfo - No LoadTimeWeaver setup: ignoring JPA class transformer
2024-06-19 13:46:41 [restartedMain] WARN  org.hibernate.orm.deprecation - HHH90000025: H2Dialect does not need to be specified explicitly using 'hibernate.dialect' (remove the property setting and it will be selected by default)
2024-06-19 13:46:42 [restartedMain] INFO  o.s.o.j.LocalContainerEntityManagerFactoryBean - Initialized JPA EntityManagerFactory for persistence unit 'default'
2024-06-19 13:46:42 [restartedMain] INFO  c.j.g.service.SecurityConfig - Custom Security Configuration loaded.
2024-06-19 13:46:42 [restartedMain] WARN  o.s.b.a.o.j.JpaBaseConfiguration$JpaWebConfiguration - spring.jpa.open-in-view is enabled by default. Therefore, database queries may be performed during view rendering. Explicitly configure spring.jpa.open-in-view to disable this warning
2024-06-19 13:46:42 [restartedMain] INFO  o.s.s.c.a.a.c.InitializeUserDetailsBeanManagerConfigurer$InitializeUserDetailsManagerConfigurer - Global AuthenticationManager configured with UserDetailsService bean with name userDetailsService
2024-06-19 13:46:42 [restartedMain] DEBUG _.s.w.s.HandlerMapping.Mappings - 
	c.j.g.w.AppController:
	{GET [/]}: root()
	{GET [/logout]}: logout(HttpServletRequest)
	{GET [/login]}: login()
	{GET [/delete/{id}]}: deleteUser(Long,RedirectAttributes)
	{GET [/users]}: getAllUsers(Model)
	{GET [/register]}: showCreateForm(Model)
	{POST [/register]}: createUser(UserDTO,BindingResult,RedirectAttributes,Model)
	{GET [/edit/{id}]}: showEditForm(Long,Model)
	{POST [/edit/{id}]}: updateUser(Long,UserDTO,BindingResult,RedirectAttributes,Model)
	{GET [/unauthorized]}: handleAccessDeniedException()
2024-06-19 13:46:42 [restartedMain] DEBUG _.s.w.s.HandlerMapping.Mappings - 
	o.s.b.a.w.s.e.BasicErrorController:
	{ [/error]}: error(HttpServletRequest)
	{ [/error], produces [text/html]}: errorHtml(HttpServletRequest,HttpServletResponse)
2024-06-19 13:46:42 [restartedMain] DEBUG _.s.w.s.HandlerMapping.Mappings - 'beanNameHandlerMapping' {}
2024-06-19 13:46:43 [restartedMain] INFO  o.s.s.web.DefaultSecurityFilterChain - Will secure any request with [org.springframework.security.web.session.DisableEncodeUrlFilter@419d18b0, org.springframework.security.web.context.request.async.WebAsyncManagerIntegrationFilter@4888dae2, org.springframework.security.web.context.SecurityContextHolderFilter@312cc2e2, org.springframework.security.web.header.HeaderWriterFilter@2efa8977, org.springframework.web.filter.CorsFilter@a5dd61e, org.springframework.security.web.csrf.CsrfFilter@6e6a5dc5, org.springframework.security.web.authentication.logout.LogoutFilter@24c81ec1, org.springframework.security.web.authentication.UsernamePasswordAuthenticationFilter@41c07aef, org.springframework.security.web.savedrequest.RequestCacheAwareFilter@14b0338, org.springframework.security.web.servletapi.SecurityContextHolderAwareRequestFilter@60ad5011, org.springframework.security.web.authentication.AnonymousAuthenticationFilter@1c7f6058, org.springframework.security.web.access.ExceptionTranslationFilter@2c41874e, org.springframework.security.web.access.intercept.AuthorizationFilter@46e9fea7]
2024-06-19 13:46:43 [restartedMain] INFO  o.s.b.d.a.OptionalLiveReloadServer - LiveReload server is running on port 35729
2024-06-19 13:46:43 [restartedMain] INFO  o.a.coyote.http11.Http11NioProtocol - Starting ProtocolHandler ["http-nio-8080"]
2024-06-19 13:46:43 [restartedMain] INFO  o.s.b.w.e.tomcat.TomcatWebServer - Tomcat started on port 8080 (http) with context path '/'
2024-06-19 13:46:43 [restartedMain] INFO  c.j.g.GruppuppgiftItsakerhetApplication - Started GruppuppgiftItsakerhetApplication in 6.622 seconds (process running for 7.536)
2024-06-19 13:46:46 [http-nio-8080-exec-1] INFO  o.a.c.c.C.[Tomcat].[localhost].[/] - Initializing Spring DispatcherServlet 'dispatcherServlet'
2024-06-19 13:46:46 [http-nio-8080-exec-1] INFO  o.s.web.servlet.DispatcherServlet - Initializing Servlet 'dispatcherServlet'
2024-06-19 13:46:46 [http-nio-8080-exec-1] INFO  o.s.web.servlet.DispatcherServlet - Completed initialization in 1 ms
2024-06-19 13:46:46 [http-nio-8080-exec-1] DEBUG c.j.g.web.AppController - Hämtar alla användare
2024-06-19 13:46:47 [http-nio-8080-exec-2] DEBUG c.j.g.web.AppController - Visar redigeringsformulär för användare med ID: 1
2024-06-19 13:46:48 [http-nio-8080-exec-3] DEBUG c.j.g.web.AppController - Hämtar alla användare
2024-06-19 13:46:50 [http-nio-8080-exec-4] DEBUG c.j.g.web.AppController - Visar registreringsformulär
2024-06-19 13:47:07 [http-nio-8080-exec-7] INFO  c.j.g.web.AppController - Användare registrerad: a****7@example.com
2024-06-19 13:47:07 [http-nio-8080-exec-5] DEBUG c.j.g.web.AppController - Hämtar alla användare
2024-06-19 13:47:28 [SpringApplicationShutdownHook] INFO  o.s.o.j.LocalContainerEntityManagerFactoryBean - Closing JPA EntityManagerFactory for persistence unit 'default'
2024-06-19 13:47:28 [SpringApplicationShutdownHook] WARN  o.s.b.f.s.DisposableBeanAdapter - Invocation of destroy method failed on bean with name 'inMemoryDatabaseShutdownExecutor': org.h2.jdbc.JdbcSQLNonTransientConnectionException: Database is already closed (to disable automatic closing at VM shutdown, add ";DB_CLOSE_ON_EXIT=FALSE" to the db URL) [90121-224]
